#
# There is insufficient memory for the Java Runtime Environment to continue.
# Native memory allocation (mmap) failed to map 38797312 bytes for G1 virtual space
# Possible reasons:
#   The system is out of physical RAM or swap space
#   The process is running with CompressedOops enabled, and the Java Heap may be blocking the growth of the native heap
# Possible solutions:
#   Reduce memory load on the system
#   Increase physical memory or swap space
#   Check if swap backing store is full
#   Decrease Java heap size (-Xmx/-Xms)
#   Decrease number of Java threads
#   Decrease Java thread stack sizes (-Xss)
#   Set larger code cache with -XX:ReservedCodeCacheSize=
#   JVM is running with Unscaled Compressed Oops mode in which the Java heap is
#     placed in the first 4GB address space. The Java Heap base address is the
#     maximum limit for the native heap growth. Please use -XX:HeapBaseMinAddress
#     to set the Java Heap base and to place the Java Heap above 4GB virtual address.
# This output file may be truncated or incomplete.
#
#  Out of Memory Error (os_windows.cpp:3548), pid=17988, tid=2744
#
# JRE version: Java(TM) SE Runtime Environment (17.0.12+8) (build 17.0.12+8-LTS-286)
# Java VM: Java HotSpot(TM) 64-Bit Server VM (17.0.12+8-LTS-286, mixed mode, emulated-client, sharing, tiered, compressed oops, compressed class ptrs, g1 gc, windows-amd64)
# No core dump will be written. Minidumps are not enabled by default on client versions of Windows
#

---------------  S U M M A R Y ------------

Command Line: -XX:TieredStopAtLevel=1 -Dspring.output.ansi.enabled=always -Dcom.sun.management.jmxremote -Dspring.jmx.enabled=true -Dspring.liveBeansView.mbeanDomain -Dspring.application.admin.enabled=true -Dmanagement.endpoints.jmx.exposure.include=* -javaagent:C:\Users\josep\AppData\Local\JetBrains\IntelliJ IDEA 2024.2.0.1\lib\idea_rt.jar=54547:C:\Users\josep\AppData\Local\JetBrains\IntelliJ IDEA 2024.2.0.1\bin -Dfile.encoding=UTF-8 com.example.microserviceinventory.MicroserviceInventoryApplication

Host: Intel(R) Core(TM) i3-10110U CPU @ 2.10GHz, 4 cores, 3G,  Windows 11 , 64 bit Build 22621 (10.0.22621.3958)
Time: Sat Sep 14 19:00:41 2024 UTC-08 elapsed time: 12.117842 seconds (0d 0h 0m 12s)

---------------  T H R E A D  ---------------

Current thread (0x000001f71df1e2b0):  VMThread "VM Thread" [stack: 0x0000001063700000,0x0000001063800000] [id=2744]

Stack: [0x0000001063700000,0x0000001063800000]
Native frames: (J=compiled Java code, j=interpreted, Vv=VM code, C=native code)
V  [jvm.dll+0x67a04a]
V  [jvm.dll+0x7da4ed]
V  [jvm.dll+0x7dbe33]
V  [jvm.dll+0x7dc4a3]
V  [jvm.dll+0x24508f]
V  [jvm.dll+0x677089]
V  [jvm.dll+0x66bd32]
V  [jvm.dll+0x301fa6]
V  [jvm.dll+0x309546]
V  [jvm.dll+0x359d2e]
V  [jvm.dll+0x359f5f]
V  [jvm.dll+0x2d9078]
V  [jvm.dll+0x2d74ad]
V  [jvm.dll+0x2d6afc]
V  [jvm.dll+0x31a65b]
V  [jvm.dll+0x7e0d9b]
V  [jvm.dll+0x7e1ad4]
V  [jvm.dll+0x7e1fed]
V  [jvm.dll+0x7e23c4]
V  [jvm.dll+0x7e2490]
V  [jvm.dll+0x78abea]
V  [jvm.dll+0x678f35]
C  [ucrtbase.dll+0x29333]
C  [KERNEL32.DLL+0x1257d]
C  [ntdll.dll+0x5af28]

VM_Operation (0x00000010659fd560): G1CollectForAllocation, mode: safepoint, requested by thread 0x000001f765cd6380


---------------  P R O C E S S  ---------------

Threads class SMR info:
_java_thread_list=0x000001f7658d6650, length=31, elements={
0x000001f70ef77e00, 0x000001f71df24660, 0x000001f71df25c80, 0x000001f71df394e0,
0x000001f71df3a4b0, 0x000001f71df3ce80, 0x000001f71df3d840, 0x000001f71df3e8c0,
0x000001f71df3fe70, 0x000001f76321a730, 0x000001f76321d9a0, 0x000001f76376ac00,
0x000001f76376b0e0, 0x000001f7638a2630, 0x000001f76396a130, 0x000001f763cb0470,
0x000001f7644d23f0, 0x000001f7644d0590, 0x000001f7644d0aa0, 0x000001f7644d0fb0,
0x000001f7644d14c0, 0x000001f7644d1ee0, 0x000001f7644d2900, 0x000001f7644d3320,
0x000001f765cd6da0, 0x000001f765cd9110, 0x000001f765cd81e0, 0x000001f765cda550,
0x000001f765cd5e70, 0x000001f765cd6380, 0x000001f765cdc3b0
}

Java Threads: ( => current thread )
  0x000001f70ef77e00 JavaThread "main" [_thread_blocked, id=22496, stack(0x0000001063100000,0x0000001063200000)]
  0x000001f71df24660 JavaThread "Reference Handler" daemon [_thread_blocked, id=3592, stack(0x0000001063800000,0x0000001063900000)]
  0x000001f71df25c80 JavaThread "Finalizer" daemon [_thread_blocked, id=21576, stack(0x0000001063900000,0x0000001063a00000)]
  0x000001f71df394e0 JavaThread "Signal Dispatcher" daemon [_thread_blocked, id=16636, stack(0x0000001063a00000,0x0000001063b00000)]
  0x000001f71df3a4b0 JavaThread "Attach Listener" daemon [_thread_blocked, id=19444, stack(0x0000001063b00000,0x0000001063c00000)]
  0x000001f71df3ce80 JavaThread "Service Thread" daemon [_thread_blocked, id=27620, stack(0x0000001063c00000,0x0000001063d00000)]
  0x000001f71df3d840 JavaThread "Monitor Deflation Thread" daemon [_thread_blocked, id=17796, stack(0x0000001063d00000,0x0000001063e00000)]
  0x000001f71df3e8c0 JavaThread "C1 CompilerThread0" daemon [_thread_blocked, id=8132, stack(0x0000001063e00000,0x0000001063f00000)]
  0x000001f71df3fe70 JavaThread "Sweeper thread" daemon [_thread_blocked, id=10464, stack(0x0000001063f00000,0x0000001064000000)]
  0x000001f76321a730 JavaThread "Common-Cleaner" daemon [_thread_blocked, id=23448, stack(0x0000001064000000,0x0000001064100000)]
  0x000001f76321d9a0 JavaThread "C1 CompilerThread1" daemon [_thread_blocked, id=19404, stack(0x0000001064100000,0x0000001064200000)]
  0x000001f76376ac00 JavaThread "Monitor Ctrl-Break" daemon [_thread_in_native, id=13704, stack(0x0000001064300000,0x0000001064400000)]
  0x000001f76376b0e0 JavaThread "Notification Thread" daemon [_thread_blocked, id=24068, stack(0x0000001064400000,0x0000001064500000)]
  0x000001f7638a2630 JavaThread "RMI TCP Accept-0" daemon [_thread_in_native, id=18600, stack(0x0000001064800000,0x0000001064900000)]
  0x000001f76396a130 JavaThread "RMI TCP Connection(1)-192.168.1.42" daemon [_thread_in_native, id=25632, stack(0x0000001064a00000,0x0000001064b00000)]
  0x000001f763cb0470 JavaThread "RMI Scheduler(0)" daemon [_thread_blocked, id=26740, stack(0x0000001064b00000,0x0000001064c00000)]
  0x000001f7644d23f0 JavaThread "Keep-Alive-Timer" daemon [_thread_blocked, id=6308, stack(0x0000001064e00000,0x0000001064f00000)]
  0x000001f7644d0590 JavaThread "Catalina-utility-1" [_thread_blocked, id=25212, stack(0x0000001064c00000,0x0000001064d00000)]
  0x000001f7644d0aa0 JavaThread "Catalina-utility-2" [_thread_blocked, id=26572, stack(0x0000001064f00000,0x0000001065000000)]
  0x000001f7644d0fb0 JavaThread "container-0" [_thread_blocked, id=26728, stack(0x0000001065000000,0x0000001065100000)]
  0x000001f7644d14c0 JavaThread "mysql-cj-abandoned-connection-cleanup" daemon [_thread_blocked, id=23124, stack(0x0000001065100000,0x0000001065200000)]
  0x000001f7644d1ee0 JavaThread "HikariPool-1 housekeeper" daemon [_thread_blocked, id=6596, stack(0x0000001064200000,0x0000001064300000)]
  0x000001f7644d2900 JavaThread "HikariPool-1 connection adder" daemon [_thread_blocked, id=18140, stack(0x0000001065200000,0x0000001065300000)]
  0x000001f7644d3320 JavaThread "ClassGraph-worker-16" daemon [_thread_blocked, id=17704, stack(0x0000001065300000,0x0000001065400000)]
  0x000001f765cd6da0 JavaThread "ClassGraph-worker-17" daemon [_thread_blocked, id=784, stack(0x0000001065400000,0x0000001065500000)]
  0x000001f765cd9110 JavaThread "ClassGraph-worker-18" daemon [_thread_blocked, id=21468, stack(0x0000001065500000,0x0000001065600000)]
  0x000001f765cd81e0 JavaThread "ClassGraph-worker-19" daemon [_thread_blocked, id=16732, stack(0x0000001065600000,0x0000001065700000)]
  0x000001f765cda550 JavaThread "ClassGraph-worker-20" daemon [_thread_blocked, id=10468, stack(0x0000001065700000,0x0000001065800000)]
  0x000001f765cd5e70 JavaThread "ClassGraph-worker-21" daemon [_thread_blocked, id=11456, stack(0x0000001065800000,0x0000001065900000)]
  0x000001f765cd6380 JavaThread "ClassGraph-worker-22" daemon [_thread_blocked, id=8936, stack(0x0000001065900000,0x0000001065a00000)]
  0x000001f765cdc3b0 JavaThread "ClassGraph-worker-23" daemon [_thread_blocked, id=20468, stack(0x0000001065a00000,0x0000001065b00000)]

Other Threads:
=>0x000001f71df1e2b0 VMThread "VM Thread" [stack: 0x0000001063700000,0x0000001063800000] [id=2744]
  0x000001f70efc4cd0 WatcherThread [stack: 0x0000001064900000,0x0000001064a00000] [id=23856]
  0x000001f70efb4dc0 GCTaskThread "GC Thread#0" [stack: 0x0000001063200000,0x0000001063300000] [id=26076]
  0x000001f76386d460 GCTaskThread "GC Thread#1" [stack: 0x0000001064500000,0x0000001064600000] [id=22272]
  0x000001f76387a360 GCTaskThread "GC Thread#2" [stack: 0x0000001064600000,0x0000001064700000] [id=27200]
  0x000001f76387ee40 GCTaskThread "GC Thread#3" [stack: 0x0000001064700000,0x0000001064800000] [id=18136]
  0x000001f70efbd810 ConcurrentGCThread "G1 Main Marker" [stack: 0x0000001063300000,0x0000001063400000] [id=23980]
  0x000001f70efbe230 ConcurrentGCThread "G1 Conc#0" [stack: 0x0000001063400000,0x0000001063500000] [id=7228]
  0x000001f70effb650 ConcurrentGCThread "G1 Refine#0" [stack: 0x0000001063500000,0x0000001063600000] [id=22460]
  0x000001f70effc080 ConcurrentGCThread "G1 Service" [stack: 0x0000001063600000,0x0000001063700000] [id=25572]

Threads with active compile tasks:

VM state: at safepoint (normal execution)

VM Mutex/Monitor currently owned by a thread:  ([mutex/lock_event])
[0x000001f70ef74c70] Threads_lock - owner thread: 0x000001f71df1e2b0
[0x000001f70ef74ac0] Heap_lock - owner thread: 0x000001f765cd6380

Heap address: 0x00000000c2800000, size: 984 MB, Compressed Oops mode: 32-bit

CDS archive(s) mapped at: [0x000001f71e000000-0x000001f71ebd0000-0x000001f71ebd0000), size 12386304, SharedBaseAddress: 0x000001f71e000000, ArchiveRelocationMode: 1.
Compressed class space mapped at: 0x000001f71f000000-0x000001f75f000000, reserved size: 1073741824
Narrow klass base: 0x000001f71e000000, Narrow klass shift: 0, Narrow klass range: 0x100000000

GC Precious Log:
 CPUs: 4 total, 4 available
 Memory: 3930M
 Large Page Support: Disabled
 NUMA Support: Disabled
 Compressed Oops: Enabled (32-bit)
 Heap Region Size: 1M
 Heap Min Capacity: 8M
 Heap Initial Capacity: 62M
 Heap Max Capacity: 984M
 Pre-touch: Disabled
 Parallel Workers: 4
 Concurrent Workers: 1
 Concurrent Refinement Workers: 4
 Periodic GC: Disabled

Heap:
 garbage-first heap   total 106496K, used 52816K [0x00000000c2800000, 0x0000000100000000)
  region size 1024K, 2 young (2048K), 2 survivors (2048K)
 Metaspace       used 68061K, committed 68608K, reserved 1114112K
  class space    used 9799K, committed 10048K, reserved 1048576K

Heap Regions: E=young(eden), S=young(survivor), O=old, HS=humongous(starts), HC=humongous(continues), CS=collection set, F=free, OA=open archive, CA=closed archive, TAMS=top-at-mark-start (previous, next)
|   0|0x00000000c2800000, 0x00000000c2900000, 0x00000000c2900000|100%|HS|  |TAMS 0x00000000c2900000, 0x00000000c2800000| Complete 
|   1|0x00000000c2900000, 0x00000000c2a00000, 0x00000000c2a00000|100%| O|  |TAMS 0x00000000c2a00000, 0x00000000c2900000| Untracked 
|   2|0x00000000c2a00000, 0x00000000c2b00000, 0x00000000c2b00000|100%| O|  |TAMS 0x00000000c2b00000, 0x00000000c2a00000| Untracked 
|   3|0x00000000c2b00000, 0x00000000c2c00000, 0x00000000c2c00000|100%| O|  |TAMS 0x00000000c2c00000, 0x00000000c2b00000| Untracked 
|   4|0x00000000c2c00000, 0x00000000c2d00000, 0x00000000c2d00000|100%| O|  |TAMS 0x00000000c2d00000, 0x00000000c2c00000| Untracked 
|   5|0x00000000c2d00000, 0x00000000c2e00000, 0x00000000c2e00000|100%| O|  |TAMS 0x00000000c2e00000, 0x00000000c2d00000| Untracked 
|   6|0x00000000c2e00000, 0x00000000c2f00000, 0x00000000c2f00000|100%| O|  |TAMS 0x00000000c2f00000, 0x00000000c2e00000| Untracked 
|   7|0x00000000c2f00000, 0x00000000c3000000, 0x00000000c3000000|100%| O|  |TAMS 0x00000000c3000000, 0x00000000c2f00000| Untracked 
|   8|0x00000000c3000000, 0x00000000c3100000, 0x00000000c3100000|100%| O|  |TAMS 0x00000000c3100000, 0x00000000c3000000| Untracked 
|   9|0x00000000c3100000, 0x00000000c3200000, 0x00000000c3200000|100%| O|  |TAMS 0x00000000c3200000, 0x00000000c3100000| Untracked 
|  10|0x00000000c3200000, 0x00000000c3300000, 0x00000000c3300000|100%| O|  |TAMS 0x00000000c3300000, 0x00000000c3200000| Untracked 
|  11|0x00000000c3300000, 0x00000000c3400000, 0x00000000c3400000|100%| O|  |TAMS 0x00000000c3400000, 0x00000000c3300000| Untracked 
|  12|0x00000000c3400000, 0x00000000c3500000, 0x00000000c3500000|100%| O|  |TAMS 0x00000000c3500000, 0x00000000c3400000| Updating 
|  13|0x00000000c3500000, 0x00000000c3600000, 0x00000000c3600000|100%| O|  |TAMS 0x00000000c3600000, 0x00000000c3500000| Untracked 
|  14|0x00000000c3600000, 0x00000000c3700000, 0x00000000c3700000|100%| O|  |TAMS 0x00000000c3700000, 0x00000000c3600000| Updating 
|  15|0x00000000c3700000, 0x00000000c3800000, 0x00000000c3800000|100%| O|  |TAMS 0x00000000c3800000, 0x00000000c3700000| Updating 
|  16|0x00000000c3800000, 0x00000000c3900000, 0x00000000c3900000|100%| O|  |TAMS 0x00000000c3900000, 0x00000000c3800000| Untracked 
|  17|0x00000000c3900000, 0x00000000c3a00000, 0x00000000c3a00000|100%| O|  |TAMS 0x00000000c3a00000, 0x00000000c3900000| Untracked 
|  18|0x00000000c3a00000, 0x00000000c3b00000, 0x00000000c3b00000|100%| O|  |TAMS 0x00000000c3b00000, 0x00000000c3a00000| Untracked 
|  19|0x00000000c3b00000, 0x00000000c3c00000, 0x00000000c3c00000|100%| O|  |TAMS 0x00000000c3c00000, 0x00000000c3b00000| Untracked 
|  20|0x00000000c3c00000, 0x00000000c3d00000, 0x00000000c3d00000|100%| O|  |TAMS 0x00000000c3d00000, 0x00000000c3c00000| Updating 
|  21|0x00000000c3d00000, 0x00000000c3da8800, 0x00000000c3e00000| 65%| O|  |TAMS 0x00000000c3da8800, 0x00000000c3d00000| Updating 
|  22|0x00000000c3e00000, 0x00000000c3f00000, 0x00000000c3f00000|100%| O|  |TAMS 0x00000000c3f00000, 0x00000000c3e00000| Untracked 
|  23|0x00000000c3f00000, 0x00000000c4000000, 0x00000000c4000000|100%| O|  |TAMS 0x00000000c4000000, 0x00000000c3f00000| Untracked 
|  24|0x00000000c4000000, 0x00000000c4100000, 0x00000000c4100000|100%| O|  |TAMS 0x00000000c4100000, 0x00000000c4000000| Untracked 
|  25|0x00000000c4100000, 0x00000000c4200000, 0x00000000c4200000|100%| O|  |TAMS 0x00000000c4200000, 0x00000000c4100000| Untracked 
|  26|0x00000000c4200000, 0x00000000c4300000, 0x00000000c4300000|100%| O|  |TAMS 0x00000000c4300000, 0x00000000c4200000| Updating 
|  27|0x00000000c4300000, 0x00000000c4400000, 0x00000000c4400000|100%| O|  |TAMS 0x00000000c4400000, 0x00000000c4300000| Untracked 
|  28|0x00000000c4400000, 0x00000000c4500000, 0x00000000c4500000|100%| O|  |TAMS 0x00000000c4500000, 0x00000000c4400000| Untracked 
|  29|0x00000000c4500000, 0x00000000c4600000, 0x00000000c4600000|100%| O|  |TAMS 0x00000000c4600000, 0x00000000c4500000| Untracked 
|  30|0x00000000c4600000, 0x00000000c4700000, 0x00000000c4700000|100%| O|  |TAMS 0x00000000c4700000, 0x00000000c4600000| Untracked 
|  31|0x00000000c4700000, 0x00000000c4800000, 0x00000000c4800000|100%| O|  |TAMS 0x00000000c4800000, 0x00000000c4700000| Updating 
|  32|0x00000000c4800000, 0x00000000c4900000, 0x00000000c4900000|100%| O|  |TAMS 0x00000000c4900000, 0x00000000c4800000| Updating 
|  33|0x00000000c4900000, 0x00000000c4a00000, 0x00000000c4a00000|100%| O|  |TAMS 0x00000000c4a00000, 0x00000000c4900000| Untracked 
|  34|0x00000000c4a00000, 0x00000000c4b00000, 0x00000000c4b00000|100%| O|  |TAMS 0x00000000c4b00000, 0x00000000c4a00000| Updating 
|  35|0x00000000c4b00000, 0x00000000c4c00000, 0x00000000c4c00000|100%| O|  |TAMS 0x00000000c4c00000, 0x00000000c4b00000| Updating 
|  36|0x00000000c4c00000, 0x00000000c4d00000, 0x00000000c4d00000|100%| O|  |TAMS 0x00000000c4d00000, 0x00000000c4c00000| Updating 
|  37|0x00000000c4d00000, 0x00000000c4e00000, 0x00000000c4e00000|100%| O|  |TAMS 0x00000000c4e00000, 0x00000000c4d00000| Updating 
|  38|0x00000000c4e00000, 0x00000000c4f00000, 0x00000000c4f00000|100%| O|  |TAMS 0x00000000c4f00000, 0x00000000c4e00000| Updating 
|  39|0x00000000c4f00000, 0x00000000c5000000, 0x00000000c5000000|100%| O|  |TAMS 0x00000000c5000000, 0x00000000c4f00000| Updating 
|  40|0x00000000c5000000, 0x00000000c5100000, 0x00000000c5100000|100%| O|  |TAMS 0x00000000c5100000, 0x00000000c5000000| Updating 
|  41|0x00000000c5100000, 0x00000000c5200000, 0x00000000c5200000|100%| O|  |TAMS 0x00000000c5200000, 0x00000000c5100000| Updating 
|  42|0x00000000c5200000, 0x00000000c5300000, 0x00000000c5300000|100%| O|  |TAMS 0x00000000c5300000, 0x00000000c5200000| Updating 
|  43|0x00000000c5300000, 0x00000000c5400000, 0x00000000c5400000|100%| O|  |TAMS 0x00000000c53b9e00, 0x00000000c5300000| Updating 
|  44|0x00000000c5400000, 0x00000000c5500000, 0x00000000c5500000|100%| O|  |TAMS 0x00000000c5400000, 0x00000000c5400000| Untracked 
|  45|0x00000000c5500000, 0x00000000c5600000, 0x00000000c5600000|100%| O|  |TAMS 0x00000000c5500000, 0x00000000c5500000| Untracked 
|  46|0x00000000c5600000, 0x00000000c5700000, 0x00000000c5700000|100%| O|  |TAMS 0x00000000c5600000, 0x00000000c5600000| Untracked 
|  47|0x00000000c5700000, 0x00000000c5800000, 0x00000000c5800000|100%| O|  |TAMS 0x00000000c5700000, 0x00000000c5700000| Untracked 
|  48|0x00000000c5800000, 0x00000000c5900000, 0x00000000c5900000|100%| O|  |TAMS 0x00000000c5800000, 0x00000000c5800000| Updating 
|  49|0x00000000c5900000, 0x00000000c5900000, 0x00000000c5a00000|  0%| F|  |TAMS 0x00000000c5900000, 0x00000000c5900000| Untracked 
|  50|0x00000000c5a00000, 0x00000000c5aeba00, 0x00000000c5b00000| 92%| O|  |TAMS 0x00000000c5a00000, 0x00000000c5a00000| Untracked 
|  51|0x00000000c5b00000, 0x00000000c5b00000, 0x00000000c5c00000|  0%| F|  |TAMS 0x00000000c5b00000, 0x00000000c5b00000| Untracked 
|  52|0x00000000c5c00000, 0x00000000c5c00000, 0x00000000c5d00000|  0%| F|  |TAMS 0x00000000c5c00000, 0x00000000c5c00000| Untracked 
|  53|0x00000000c5d00000, 0x00000000c5d00000, 0x00000000c5e00000|  0%| F|  |TAMS 0x00000000c5d00000, 0x00000000c5d00000| Untracked 
|  54|0x00000000c5e00000, 0x00000000c5e00000, 0x00000000c5f00000|  0%| F|  |TAMS 0x00000000c5e00000, 0x00000000c5e00000| Untracked 
|  55|0x00000000c5f00000, 0x00000000c5f00000, 0x00000000c6000000|  0%| F|  |TAMS 0x00000000c5f00000, 0x00000000c5f00000| Untracked 
|  56|0x00000000c6000000, 0x00000000c6000000, 0x00000000c6100000|  0%| F|  |TAMS 0x00000000c6000000, 0x00000000c6000000| Untracked 
|  57|0x00000000c6100000, 0x00000000c6100000, 0x00000000c6200000|  0%| F|  |TAMS 0x00000000c6100000, 0x00000000c6100000| Untracked 
|  58|0x00000000c6200000, 0x00000000c6200000, 0x00000000c6300000|  0%| F|  |TAMS 0x00000000c6200000, 0x00000000c6200000| Untracked 
|  59|0x00000000c6300000, 0x00000000c6300000, 0x00000000c6400000|  0%| F|  |TAMS 0x00000000c6300000, 0x00000000c6300000| Untracked 
|  60|0x00000000c6400000, 0x00000000c6400000, 0x00000000c6500000|  0%| F|  |TAMS 0x00000000c6400000, 0x00000000c6400000| Untracked 
|  61|0x00000000c6500000, 0x00000000c6500000, 0x00000000c6600000|  0%| F|  |TAMS 0x00000000c6500000, 0x00000000c6500000| Untracked 
|  62|0x00000000c6600000, 0x00000000c6600000, 0x00000000c6700000|  0%| F|  |TAMS 0x00000000c6600000, 0x00000000c6600000| Untracked 
|  63|0x00000000c6700000, 0x00000000c6700000, 0x00000000c6800000|  0%| F|  |TAMS 0x00000000c6700000, 0x00000000c6700000| Untracked 
|  64|0x00000000c6800000, 0x00000000c6800000, 0x00000000c6900000|  0%| F|  |TAMS 0x00000000c6800000, 0x00000000c6800000| Untracked 
|  65|0x00000000c6900000, 0x00000000c6900000, 0x00000000c6a00000|  0%| F|  |TAMS 0x00000000c6900000, 0x00000000c6900000| Untracked 
|  66|0x00000000c6a00000, 0x00000000c6a00000, 0x00000000c6b00000|  0%| F|  |TAMS 0x00000000c6a00000, 0x00000000c6a00000| Untracked 
|  67|0x00000000c6b00000, 0x00000000c6b00000, 0x00000000c6c00000|  0%| F|  |TAMS 0x00000000c6b00000, 0x00000000c6b00000| Untracked 
|  68|0x00000000c6c00000, 0x00000000c6c00000, 0x00000000c6d00000|  0%| F|  |TAMS 0x00000000c6c00000, 0x00000000c6c00000| Untracked 
|  69|0x00000000c6d00000, 0x00000000c6d00000, 0x00000000c6e00000|  0%| F|  |TAMS 0x00000000c6d00000, 0x00000000c6d00000| Untracked 
|  70|0x00000000c6e00000, 0x00000000c6e00000, 0x00000000c6f00000|  0%| F|  |TAMS 0x00000000c6e00000, 0x00000000c6e00000| Untracked 
|  71|0x00000000c6f00000, 0x00000000c6f00000, 0x00000000c7000000|  0%| F|  |TAMS 0x00000000c6f00000, 0x00000000c6f00000| Untracked 
|  72|0x00000000c7000000, 0x00000000c7000000, 0x00000000c7100000|  0%| F|  |TAMS 0x00000000c7000000, 0x00000000c7000000| Untracked 
|  73|0x00000000c7100000, 0x00000000c7100000, 0x00000000c7200000|  0%| F|  |TAMS 0x00000000c7100000, 0x00000000c7100000| Untracked 
|  74|0x00000000c7200000, 0x00000000c7200000, 0x00000000c7300000|  0%| F|  |TAMS 0x00000000c7200000, 0x00000000c7200000| Untracked 
|  75|0x00000000c7300000, 0x00000000c7300000, 0x00000000c7400000|  0%| F|  |TAMS 0x00000000c7300000, 0x00000000c7300000| Untracked 
|  76|0x00000000c7400000, 0x00000000c7400000, 0x00000000c7500000|  0%| F|  |TAMS 0x00000000c7400000, 0x00000000c7400000| Untracked 
|  77|0x00000000c7500000, 0x00000000c7500000, 0x00000000c7600000|  0%| F|  |TAMS 0x00000000c7500000, 0x00000000c7500000| Untracked 
|  78|0x00000000c7600000, 0x00000000c7600000, 0x00000000c7700000|  0%| F|  |TAMS 0x00000000c7600000, 0x00000000c7600000| Untracked 
|  79|0x00000000c7700000, 0x00000000c7700000, 0x00000000c7800000|  0%| F|  |TAMS 0x00000000c7700000, 0x00000000c7700000| Untracked 
|  80|0x00000000c7800000, 0x00000000c7800000, 0x00000000c7900000|  0%| F|  |TAMS 0x00000000c7800000, 0x00000000c7800000| Untracked 
|  81|0x00000000c7900000, 0x00000000c7900000, 0x00000000c7a00000|  0%| F|  |TAMS 0x00000000c7900000, 0x00000000c7900000| Untracked 
|  82|0x00000000c7a00000, 0x00000000c7a00000, 0x00000000c7b00000|  0%| F|  |TAMS 0x00000000c7a00000, 0x00000000c7a00000| Untracked 
|  83|0x00000000c7b00000, 0x00000000c7b00000, 0x00000000c7c00000|  0%| F|  |TAMS 0x00000000c7b00000, 0x00000000c7b00000| Untracked 
|  84|0x00000000c7c00000, 0x00000000c7c00000, 0x00000000c7d00000|  0%| F|  |TAMS 0x00000000c7c00000, 0x00000000c7c00000| Untracked 
|  85|0x00000000c7d00000, 0x00000000c7d00000, 0x00000000c7e00000|  0%| F|  |TAMS 0x00000000c7d00000, 0x00000000c7d00000| Untracked 
|  86|0x00000000c7e00000, 0x00000000c7e00000, 0x00000000c7f00000|  0%| F|  |TAMS 0x00000000c7e00000, 0x00000000c7e00000| Untracked 
|  87|0x00000000c7f00000, 0x00000000c7f00000, 0x00000000c8000000|  0%| F|  |TAMS 0x00000000c7f00000, 0x00000000c7f00000| Untracked 
|  88|0x00000000c8000000, 0x00000000c8000000, 0x00000000c8100000|  0%| F|  |TAMS 0x00000000c8000000, 0x00000000c8000000| Untracked 
|  89|0x00000000c8100000, 0x00000000c8100000, 0x00000000c8200000|  0%| F|  |TAMS 0x00000000c8100000, 0x00000000c8100000| Untracked 
|  90|0x00000000c8200000, 0x00000000c8200000, 0x00000000c8300000|  0%| F|  |TAMS 0x00000000c8200000, 0x00000000c8200000| Untracked 
|  91|0x00000000c8300000, 0x00000000c8300000, 0x00000000c8400000|  0%| F|  |TAMS 0x00000000c8300000, 0x00000000c8300000| Untracked 
|  92|0x00000000c8400000, 0x00000000c8400000, 0x00000000c8500000|  0%| F|  |TAMS 0x00000000c8400000, 0x00000000c8400000| Untracked 
|  93|0x00000000c8500000, 0x00000000c8500000, 0x00000000c8600000|  0%| F|  |TAMS 0x00000000c8500000, 0x00000000c8500000| Untracked 
|  94|0x00000000c8600000, 0x00000000c8600000, 0x00000000c8700000|  0%| F|  |TAMS 0x00000000c8600000, 0x00000000c8600000| Untracked 
|  95|0x00000000c8700000, 0x00000000c8700000, 0x00000000c8800000|  0%| F|  |TAMS 0x00000000c8700000, 0x00000000c8700000| Untracked 
|  96|0x00000000c8800000, 0x00000000c8800000, 0x00000000c8900000|  0%| F|  |TAMS 0x00000000c8800000, 0x00000000c8800000| Untracked 
|  97|0x00000000c8900000, 0x00000000c8900000, 0x00000000c8a00000|  0%| F|  |TAMS 0x00000000c8900000, 0x00000000c8900000| Untracked 
|  98|0x00000000c8a00000, 0x00000000c8a00000, 0x00000000c8b00000|  0%| F|  |TAMS 0x00000000c8a00000, 0x00000000c8a00000| Untracked 
|  99|0x00000000c8b00000, 0x00000000c8c00000, 0x00000000c8c00000|100%| S|CS|TAMS 0x00000000c8b00000, 0x00000000c8b00000| Complete 
| 100|0x00000000c8c00000, 0x00000000c8d00000, 0x00000000c8d00000|100%| S|CS|TAMS 0x00000000c8c00000, 0x00000000c8c00000| Complete 
| 101|0x00000000c8d00000, 0x00000000c8d00000, 0x00000000c8e00000|  0%| F|  |TAMS 0x00000000c8d00000, 0x00000000c8d00000| Untracked 
| 102|0x00000000c8e00000, 0x00000000c8e00000, 0x00000000c8f00000|  0%| F|  |TAMS 0x00000000c8e00000, 0x00000000c8e00000| Untracked 
| 103|0x00000000c8f00000, 0x00000000c8f00000, 0x00000000c9000000|  0%| F|  |TAMS 0x00000000c8f00000, 0x00000000c8f00000| Untracked 

Card table byte_map: [0x000001f719820000,0x000001f719a10000] _byte_map_base: 0x000001f71920c000

Marking Bits (Prev, Next): (CMBitMap*) 0x000001f70efb5420, (CMBitMap*) 0x000001f70efb53e0
 Prev Bits: [0x000001f71ab60000, 0x000001f71bac0000)
 Next Bits: [0x000001f719c00000, 0x000001f71ab60000)

Polling page: 0x000001f70cf10000

Metaspace:

Usage:
  Non-class:     56.90 MB used.
      Class:      9.57 MB used.
       Both:     66.47 MB used.

Virtual space:
  Non-class space:       64.00 MB reserved,      57.19 MB ( 89%) committed,  1 nodes.
      Class space:        1.00 GB reserved,       9.81 MB ( <1%) committed,  1 nodes.
             Both:        1.06 GB reserved,      67.00 MB (  6%) committed. 

Chunk freelists:
   Non-Class:  6.20 MB
       Class:  6.20 MB
        Both:  12.40 MB

MaxMetaspaceSize: unlimited
CompressedClassSpaceSize: 1.00 GB
Initial GC threshold: 21.00 MB
Current GC threshold: 111.69 MB
CDS: on
MetaspaceReclaimPolicy: balanced
 - commit_granule_bytes: 65536.
 - commit_granule_words: 8192.
 - virtual_space_node_default_size: 8388608.
 - enlarge_chunks_in_place: 1.
 - new_chunks_are_fully_committed: 0.
 - uncommit_free_chunks: 1.
 - use_allocation_guard: 0.
 - handle_deallocations: 1.


Internal statistics:

num_allocs_failed_limit: 14.
num_arena_births: 762.
num_arena_deaths: 0.
num_vsnodes_births: 2.
num_vsnodes_deaths: 0.
num_space_committed: 1072.
num_space_uncommitted: 0.
num_chunks_returned_to_freelist: 14.
num_chunks_taken_from_freelist: 3114.
num_chunk_merges: 14.
num_chunk_splits: 2302.
num_chunks_enlarged: 1808.
num_inconsistent_stats: 0.

CodeCache: size=49152Kb used=11205Kb max_used=11205Kb free=37947Kb
 bounds [0x000001f716820000, 0x000001f717320000, 0x000001f719820000]
 total_blobs=6425 nmethods=5750 adapters=599
 compilation: enabled
              stopped_count=0, restarted_count=0
 full_count=0

Compilation events (20 events):
Event: 11.843 Thread 0x000001f71df3e8c0 nmethod 5740 0x000001f717304490 code [0x000001f717304620, 0x000001f7173046f8]
Event: 11.843 Thread 0x000001f76321d9a0 nmethod 5725 0x000001f717304790 code [0x000001f717305560, 0x000001f71730abc8]
Event: 11.845 Thread 0x000001f76321d9a0 5741       1       java.lang.Math::max (12 bytes)
Event: 11.845 Thread 0x000001f76321d9a0 nmethod 5741 0x000001f71730dd90 code [0x000001f71730df20, 0x000001f71730dfd8]
Event: 11.848 Thread 0x000001f76321d9a0 5742       1       java.util.IdentityHashMap::init (11 bytes)
Event: 11.848 Thread 0x000001f76321d9a0 nmethod 5742 0x000001f71730e090 code [0x000001f71730e220, 0x000001f71730e3d8]
Event: 11.849 Thread 0x000001f76321d9a0 5743       1       java.util.concurrent.ConcurrentLinkedQueue::add (6 bytes)
Event: 11.849 Thread 0x000001f71df3e8c0 5744       1       java.util.concurrent.ConcurrentLinkedQueue::offer (120 bytes)
Event: 11.850 Thread 0x000001f76321d9a0 nmethod 5743 0x000001f71730e490 code [0x000001f71730e620, 0x000001f71730e708]
Event: 11.850 Thread 0x000001f76321d9a0 5745       1       java.util.concurrent.ConcurrentLinkedQueue$Node::<init> (13 bytes)
Event: 11.850 Thread 0x000001f76321d9a0 nmethod 5745 0x000001f71730e790 code [0x000001f71730e960, 0x000001f71730ecb8]
Event: 11.851 Thread 0x000001f71df3e8c0 nmethod 5744 0x000001f71730ee90 code [0x000001f71730f0e0, 0x000001f71730f9f8]
Event: 11.853 Thread 0x000001f71df3e8c0 5746       1       java.security.DrbgParameters$NextBytes::getStrength (5 bytes)
Event: 11.853 Thread 0x000001f76321d9a0 5747       1       java.security.DrbgParameters$NextBytes::getPredictionResistance (5 bytes)
Event: 11.853 Thread 0x000001f76321d9a0 nmethod 5747 0x000001f71730fe10 code [0x000001f71730ffa0, 0x000001f717310078]
Event: 11.853 Thread 0x000001f71df3e8c0 nmethod 5746 0x000001f717310110 code [0x000001f7173102a0, 0x000001f717310378]
Event: 11.955 Thread 0x000001f71df3e8c0 5749       1       java.util.concurrent.ThreadLocalRandom::getProbe (13 bytes)
Event: 11.955 Thread 0x000001f71df3e8c0 nmethod 5749 0x000001f717310810 code [0x000001f7173109a0, 0x000001f717310a58]
Event: 11.969 Thread 0x000001f76321d9a0 5750       1       java.util.ComparableTimSort::gallopRight (327 bytes)
Event: 11.970 Thread 0x000001f76321d9a0 nmethod 5750 0x000001f717310b10 code [0x000001f717310ce0, 0x000001f7173110f8]

GC Heap History (20 events):
Event: 5.838 GC heap after
{Heap after GC invocations=10 (full 0):
 garbage-first heap   total 86016K, used 21352K [0x00000000c2800000, 0x0000000100000000)
  region size 1024K, 5 young (5120K), 5 survivors (5120K)
 Metaspace       used 32880K, committed 33280K, reserved 1114112K
  class space    used 4724K, committed 4928K, reserved 1048576K
}
Event: 6.538 GC heap before
{Heap before GC invocations=10 (full 0):
 garbage-first heap   total 86016K, used 39784K [0x00000000c2800000, 0x0000000100000000)
  region size 1024K, 23 young (23552K), 5 survivors (5120K)
 Metaspace       used 35543K, committed 35968K, reserved 1114112K
  class space    used 5051K, committed 5248K, reserved 1048576K
}
Event: 6.549 GC heap after
{Heap after GC invocations=11 (full 0):
 garbage-first heap   total 86016K, used 22972K [0x00000000c2800000, 0x0000000100000000)
  region size 1024K, 2 young (2048K), 2 survivors (2048K)
 Metaspace       used 35543K, committed 35968K, reserved 1114112K
  class space    used 5051K, committed 5248K, reserved 1048576K
}
Event: 8.851 GC heap before
{Heap before GC invocations=12 (full 0):
 garbage-first heap   total 81920K, used 65980K [0x00000000c2800000, 0x0000000100000000)
  region size 1024K, 44 young (45056K), 2 survivors (2048K)
 Metaspace       used 48534K, committed 49024K, reserved 1114112K
  class space    used 6819K, committed 7040K, reserved 1048576K
}
Event: 8.857 GC heap after
{Heap after GC invocations=13 (full 0):
 garbage-first heap   total 81920K, used 26215K [0x00000000c2800000, 0x0000000100000000)
  region size 1024K, 5 young (5120K), 5 survivors (5120K)
 Metaspace       used 48534K, committed 49024K, reserved 1114112K
  class space    used 6819K, committed 7040K, reserved 1048576K
}
Event: 9.956 GC heap before
{Heap before GC invocations=13 (full 0):
 garbage-first heap   total 81920K, used 63079K [0x00000000c2800000, 0x0000000100000000)
  region size 1024K, 41 young (41984K), 5 survivors (5120K)
 Metaspace       used 57774K, committed 58240K, reserved 1114112K
  class space    used 8259K, committed 8512K, reserved 1048576K
}
Event: 9.963 GC heap after
{Heap after GC invocations=14 (full 0):
 garbage-first heap   total 81920K, used 28272K [0x00000000c2800000, 0x0000000100000000)
  region size 1024K, 3 young (3072K), 3 survivors (3072K)
 Metaspace       used 57774K, committed 58240K, reserved 1114112K
  class space    used 8259K, committed 8512K, reserved 1048576K
}
Event: 10.189 GC heap before
{Heap before GC invocations=14 (full 0):
 garbage-first heap   total 81920K, used 36464K [0x00000000c2800000, 0x0000000100000000)
  region size 1024K, 12 young (12288K), 3 survivors (3072K)
 Metaspace       used 59792K, committed 60288K, reserved 1114112K
  class space    used 8618K, committed 8896K, reserved 1048576K
}
Event: 10.192 GC heap after
{Heap after GC invocations=15 (full 0):
 garbage-first heap   total 81920K, used 28693K [0x00000000c2800000, 0x0000000100000000)
  region size 1024K, 3 young (3072K), 3 survivors (3072K)
 Metaspace       used 59792K, committed 60288K, reserved 1114112K
  class space    used 8618K, committed 8896K, reserved 1048576K
}
Event: 10.947 GC heap before
{Heap before GC invocations=16 (full 0):
 garbage-first heap   total 81920K, used 65557K [0x00000000c2800000, 0x0000000100000000)
  region size 1024K, 39 young (39936K), 3 survivors (3072K)
 Metaspace       used 64736K, committed 65280K, reserved 1114112K
  class space    used 9342K, committed 9600K, reserved 1048576K
}
Event: 10.953 GC heap after
{Heap after GC invocations=17 (full 0):
 garbage-first heap   total 81920K, used 31140K [0x00000000c2800000, 0x0000000100000000)
  region size 1024K, 5 young (5120K), 5 survivors (5120K)
 Metaspace       used 64736K, committed 65280K, reserved 1114112K
  class space    used 9342K, committed 9600K, reserved 1048576K
}
Event: 11.477 GC heap before
{Heap before GC invocations=18 (full 0):
 garbage-first heap   total 81920K, used 64932K [0x00000000c2800000, 0x0000000100000000)
  region size 1024K, 38 young (38912K), 5 survivors (5120K)
 Metaspace       used 67964K, committed 68544K, reserved 1114112K
  class space    used 9785K, committed 10048K, reserved 1048576K
}
Event: 11.486 GC heap after
{Heap after GC invocations=19 (full 0):
 garbage-first heap   total 81920K, used 36278K [0x00000000c2800000, 0x0000000100000000)
  region size 1024K, 5 young (5120K), 5 survivors (5120K)
 Metaspace       used 67964K, committed 68544K, reserved 1114112K
  class space    used 9785K, committed 10048K, reserved 1048576K
}
Event: 11.685 GC heap before
{Heap before GC invocations=19 (full 0):
 garbage-first heap   total 81920K, used 63926K [0x00000000c2800000, 0x0000000100000000)
  region size 1024K, 32 young (32768K), 5 survivors (5120K)
 Metaspace       used 67964K, committed 68544K, reserved 1114112K
  class space    used 9785K, committed 10048K, reserved 1048576K
}
Event: 11.695 GC heap after
{Heap after GC invocations=20 (full 0):
 garbage-first heap   total 81920K, used 40428K [0x00000000c2800000, 0x0000000100000000)
  region size 1024K, 4 young (4096K), 4 survivors (4096K)
 Metaspace       used 67964K, committed 68544K, reserved 1114112K
  class space    used 9785K, committed 10048K, reserved 1048576K
}
Event: 11.877 GC heap before
{Heap before GC invocations=20 (full 0):
 garbage-first heap   total 81920K, used 62956K [0x00000000c2800000, 0x0000000100000000)
  region size 1024K, 27 young (27648K), 4 survivors (4096K)
 Metaspace       used 68061K, committed 68608K, reserved 1114112K
  class space    used 9799K, committed 10048K, reserved 1048576K
}
Event: 11.888 GC heap after
{Heap after GC invocations=21 (full 0):
 garbage-first heap   total 81920K, used 48521K [0x00000000c2800000, 0x0000000100000000)
  region size 1024K, 4 young (4096K), 4 survivors (4096K)
 Metaspace       used 68061K, committed 68608K, reserved 1114112K
  class space    used 9799K, committed 10048K, reserved 1048576K
}
Event: 11.889 GC heap before
{Heap before GC invocations=21 (full 0):
 garbage-first heap   total 81920K, used 48521K [0x00000000c2800000, 0x0000000100000000)
  region size 1024K, 5 young (5120K), 4 survivors (4096K)
 Metaspace       used 68061K, committed 68608K, reserved 1114112K
  class space    used 9799K, committed 10048K, reserved 1048576K
}
Event: 11.893 GC heap after
{Heap after GC invocations=22 (full 0):
 garbage-first heap   total 81920K, used 49943K [0x00000000c2800000, 0x0000000100000000)
  region size 1024K, 1 young (1024K), 1 survivors (1024K)
 Metaspace       used 68061K, committed 68608K, reserved 1114112K
  class space    used 9799K, committed 10048K, reserved 1048576K
}
Event: 12.003 GC heap before
{Heap before GC invocations=22 (full 0):
 garbage-first heap   total 106496K, used 64279K [0x00000000c2800000, 0x0000000100000000)
  region size 1024K, 15 young (15360K), 1 survivors (1024K)
 Metaspace       used 68061K, committed 68608K, reserved 1114112K
  class space    used 9799K, committed 10048K, reserved 1048576K
}

Deoptimization events (10 events):
Event: 2.460 Thread 0x000001f70ef77e00 DEOPT PACKING pc=0x000001f716d2571c sp=0x00000010631fe410
Event: 2.460 Thread 0x000001f70ef77e00 DEOPT UNPACKING pc=0x000001f716872b43 sp=0x00000010631fd8d8 mode 0
Event: 8.162 Thread 0x000001f70ef77e00 DEOPT PACKING pc=0x000001f716a6139c sp=0x00000010631f9ec0
Event: 8.162 Thread 0x000001f70ef77e00 DEOPT UNPACKING pc=0x000001f716872b43 sp=0x00000010631f93f0 mode 0
Event: 10.751 Thread 0x000001f70ef77e00 DEOPT PACKING pc=0x000001f716db97a4 sp=0x00000010631fcad0
Event: 10.751 Thread 0x000001f70ef77e00 DEOPT UNPACKING pc=0x000001f716872b43 sp=0x00000010631fc028 mode 0
Event: 10.835 Thread 0x000001f70ef77e00 DEOPT PACKING pc=0x000001f716d6c0a2 sp=0x00000010631fcd80
Event: 10.835 Thread 0x000001f70ef77e00 DEOPT UNPACKING pc=0x000001f716872b43 sp=0x00000010631fc288 mode 3
Event: 10.835 Thread 0x000001f70ef77e00 DEOPT PACKING pc=0x000001f716d690a5 sp=0x00000010631fcd40
Event: 10.835 Thread 0x000001f70ef77e00 DEOPT UNPACKING pc=0x000001f716872b43 sp=0x00000010631fc288 mode 3

Classes unloaded (0 events):
No events

Classes redefined (0 events):
No events

Internal exceptions (20 events):
Event: 11.834 Thread 0x000001f765cd9110 Exception <a 'sun/nio/fs/WindowsException'{0x00000000c6478ee8}> (0x00000000c6478ee8) 
thrown [s\open\src\hotspot\share\prims\jni.cpp, line 516]
Event: 11.834 Thread 0x000001f765cd9110 Exception <a 'sun/nio/fs/WindowsException'{0x00000000c6479878}> (0x00000000c6479878) 
thrown [s\open\src\hotspot\share\prims\jni.cpp, line 516]
Event: 11.834 Thread 0x000001f765cd9110 Exception <a 'sun/nio/fs/WindowsException'{0x00000000c6479bc8}> (0x00000000c6479bc8) 
thrown [s\open\src\hotspot\share\prims\jni.cpp, line 516]
Event: 11.834 Thread 0x000001f765cd9110 Exception <a 'sun/nio/fs/WindowsException'{0x00000000c647a530}> (0x00000000c647a530) 
thrown [s\open\src\hotspot\share\prims\jni.cpp, line 516]
Event: 11.834 Thread 0x000001f765cd9110 Exception <a 'sun/nio/fs/WindowsException'{0x00000000c647a850}> (0x00000000c647a850) 
thrown [s\open\src\hotspot\share\prims\jni.cpp, line 516]
Event: 11.834 Thread 0x000001f765cd9110 Exception <a 'sun/nio/fs/WindowsException'{0x00000000c647b190}> (0x00000000c647b190) 
thrown [s\open\src\hotspot\share\prims\jni.cpp, line 516]
Event: 11.834 Thread 0x000001f765cd9110 Exception <a 'sun/nio/fs/WindowsException'{0x00000000c647b480}> (0x00000000c647b480) 
thrown [s\open\src\hotspot\share\prims\jni.cpp, line 516]
Event: 11.834 Thread 0x000001f765cd9110 Exception <a 'sun/nio/fs/WindowsException'{0x00000000c647bdc8}> (0x00000000c647bdc8) 
thrown [s\open\src\hotspot\share\prims\jni.cpp, line 516]
Event: 11.834 Thread 0x000001f765cd9110 Exception <a 'sun/nio/fs/WindowsException'{0x00000000c647c0c8}> (0x00000000c647c0c8) 
thrown [s\open\src\hotspot\share\prims\jni.cpp, line 516]
Event: 11.834 Thread 0x000001f765cd9110 Exception <a 'sun/nio/fs/WindowsException'{0x00000000c647ca08}> (0x00000000c647ca08) 
thrown [s\open\src\hotspot\share\prims\jni.cpp, line 516]
Event: 11.834 Thread 0x000001f765cd9110 Exception <a 'sun/nio/fs/WindowsException'{0x00000000c647ccf8}> (0x00000000c647ccf8) 
thrown [s\open\src\hotspot\share\prims\jni.cpp, line 516]
Event: 11.834 Thread 0x000001f765cd9110 Exception <a 'sun/nio/fs/WindowsException'{0x00000000c647d640}> (0x00000000c647d640) 
thrown [s\open\src\hotspot\share\prims\jni.cpp, line 516]
Event: 11.834 Thread 0x000001f765cd9110 Exception <a 'sun/nio/fs/WindowsException'{0x00000000c647d940}> (0x00000000c647d940) 
thrown [s\open\src\hotspot\share\prims\jni.cpp, line 516]
Event: 11.835 Thread 0x000001f765cd9110 Exception <a 'sun/nio/fs/WindowsException'{0x00000000c647e2a8}> (0x00000000c647e2a8) 
thrown [s\open\src\hotspot\share\prims\jni.cpp, line 516]
Event: 11.835 Thread 0x000001f765cd9110 Exception <a 'sun/nio/fs/WindowsException'{0x00000000c647e5c8}> (0x00000000c647e5c8) 
thrown [s\open\src\hotspot\share\prims\jni.cpp, line 516]
Event: 11.835 Thread 0x000001f765cd9110 Exception <a 'sun/nio/fs/WindowsException'{0x00000000c647ef40}> (0x00000000c647ef40) 
thrown [s\open\src\hotspot\share\prims\jni.cpp, line 516]
Event: 11.835 Thread 0x000001f765cd9110 Exception <a 'sun/nio/fs/WindowsException'{0x00000000c647f270}> (0x00000000c647f270) 
thrown [s\open\src\hotspot\share\prims\jni.cpp, line 516]
Event: 11.835 Thread 0x000001f765cd9110 Exception <a 'sun/nio/fs/WindowsException'{0x00000000c647fbe0}> (0x00000000c647fbe0) 
thrown [s\open\src\hotspot\share\prims\jni.cpp, line 516]
Event: 11.835 Thread 0x000001f765cd9110 Exception <a 'sun/nio/fs/WindowsException'{0x00000000c647ff10}> (0x00000000c647ff10) 
thrown [s\open\src\hotspot\share\prims\jni.cpp, line 516]
Event: 11.856 Thread 0x000001f76396a130 Exception <a 'java/lang/reflect/InvocationTargetException'{0x00000000c62d2d90}> (0x00000000c62d2d90) 
thrown [s\open\src\hotspot\share\runtime\reflection.cpp, line 1121]

VM Operations (20 events):
Event: 11.162 Executing VM operation: HandshakeAllThreads done
Event: 11.232 Executing VM operation: HandshakeAllThreads
Event: 11.232 Executing VM operation: HandshakeAllThreads done
Event: 11.232 Executing VM operation: HandshakeAllThreads
Event: 11.233 Executing VM operation: HandshakeAllThreads done
Event: 11.233 Executing VM operation: HandshakeAllThreads
Event: 11.238 Executing VM operation: HandshakeAllThreads done
Event: 11.477 Executing VM operation: G1CollectForAllocation
Event: 11.487 Executing VM operation: G1CollectForAllocation done
Event: 11.685 Executing VM operation: G1CollectForAllocation
Event: 11.695 Executing VM operation: G1CollectForAllocation done
Event: 11.802 Executing VM operation: HandshakeAllThreads
Event: 11.803 Executing VM operation: HandshakeAllThreads done
Event: 11.863 Executing VM operation: G1CollectForAllocation
Event: 11.888 Executing VM operation: G1CollectForAllocation done
Event: 11.889 Executing VM operation: G1TryInitiateConcMark
Event: 11.893 Executing VM operation: G1TryInitiateConcMark done
Event: 11.970 Executing VM operation: G1Concurrent
Event: 11.976 Executing VM operation: G1Concurrent done
Event: 12.003 Executing VM operation: G1CollectForAllocation

Events (20 events):
Event: 11.806 Thread 0x000001f765cd9620 Thread added: 0x000001f765cd9620
Event: 11.806 Thread 0x000001f765cdb480 Thread added: 0x000001f765cdb480
Event: 11.810 Thread 0x000001f765cd9110 Thread exited: 0x000001f765cd9110
Event: 11.810 Thread 0x000001f765cdc3b0 Thread exited: 0x000001f765cdc3b0
Event: 11.810 Thread 0x000001f765cdaf70 Thread exited: 0x000001f765cdaf70
Event: 11.811 Thread 0x000001f765cd5450 Thread exited: 0x000001f765cd5450
Event: 11.811 Thread 0x000001f765cdb480 Thread exited: 0x000001f765cdb480
Event: 11.811 Thread 0x000001f7644d3320 Thread exited: 0x000001f7644d3320
Event: 11.811 Thread 0x000001f765cd9620 Thread exited: 0x000001f765cd9620
Event: 11.811 Thread 0x000001f765cd72b0 Thread exited: 0x000001f765cd72b0
Event: 11.831 Thread 0x000001f7644d3320 Thread added: 0x000001f7644d3320
Event: 11.832 Thread 0x000001f765cd6da0 Thread added: 0x000001f765cd6da0
Event: 11.832 Thread 0x000001f765cd9110 Thread added: 0x000001f765cd9110
Event: 11.832 Thread 0x000001f765cd81e0 Thread added: 0x000001f765cd81e0
Event: 11.832 Thread 0x000001f765cda550 Thread added: 0x000001f765cda550
Event: 11.840 Thread 0x000001f765cd5e70 Thread added: 0x000001f765cd5e70
Event: 11.841 Thread 0x000001f765cd6380 Thread added: 0x000001f765cd6380
Event: 11.843 Thread 0x000001f765cdc3b0 Thread added: 0x000001f765cdc3b0
Event: 11.853 Thread 0x000001f765cdb990 Thread added: 0x000001f765cdb990
Event: 11.888 Thread 0x000001f765cdb990 Thread exited: 0x000001f765cdb990


Dynamic libraries:
0x00007ff6ead10000 - 0x00007ff6ead20000 	C:\Program Files\Java\jdk-17\bin\java.exe
0x00007ff845410000 - 0x00007ff845627000 	C:\WINDOWS\SYSTEM32\ntdll.dll
0x00007ff843b30000 - 0x00007ff843bf4000 	C:\WINDOWS\System32\KERNEL32.DLL
0x00007ff842d60000 - 0x00007ff84310d000 	C:\WINDOWS\System32\KERNELBASE.dll
0x00007ff842880000 - 0x00007ff842991000 	C:\WINDOWS\System32\ucrtbase.dll
0x00007ff83ecf0000 - 0x00007ff83ed09000 	C:\Program Files\Java\jdk-17\bin\jli.dll
0x00007ff83ecd0000 - 0x00007ff83eceb000 	C:\Program Files\Java\jdk-17\bin\VCRUNTIME140.dll
0x00007ff843c00000 - 0x00007ff843cb2000 	C:\WINDOWS\System32\ADVAPI32.dll
0x00007ff845170000 - 0x00007ff845217000 	C:\WINDOWS\System32\msvcrt.dll
0x00007ff843140000 - 0x00007ff8431e9000 	C:\WINDOWS\System32\sechost.dll
0x00007ff842850000 - 0x00007ff842878000 	C:\WINDOWS\System32\bcrypt.dll
0x00007ff844bd0000 - 0x00007ff844ce4000 	C:\WINDOWS\System32\RPCRT4.dll
0x00007ff843980000 - 0x00007ff843b2e000 	C:\WINDOWS\System32\USER32.dll
0x00007ff843110000 - 0x00007ff843136000 	C:\WINDOWS\System32\win32u.dll
0x00007ff844a80000 - 0x00007ff844aa9000 	C:\WINDOWS\System32\GDI32.dll
0x00007ff8300e0000 - 0x00007ff830373000 	C:\WINDOWS\WinSxS\amd64_microsoft.windows.common-controls_6595b64144ccf1df_6.0.22621.3672_none_2713b9d173822955\COMCTL32.dll
0x00007ff842730000 - 0x00007ff842849000 	C:\WINDOWS\System32\gdi32full.dll
0x00007ff842cc0000 - 0x00007ff842d5a000 	C:\WINDOWS\System32\msvcp_win.dll
0x00007ff832890000 - 0x00007ff83289a000 	C:\WINDOWS\SYSTEM32\VERSION.dll
0x00007ff844650000 - 0x00007ff844681000 	C:\WINDOWS\System32\IMM32.DLL
0x00007ff83ecc0000 - 0x00007ff83eccc000 	C:\Program Files\Java\jdk-17\bin\vcruntime140_1.dll
0x00007ff816650000 - 0x00007ff8166de000 	C:\Program Files\Java\jdk-17\bin\msvcp140.dll
0x00007fffdb5a0000 - 0x00007fffdc180000 	C:\Program Files\Java\jdk-17\bin\server\jvm.dll
0x00007ff844ad0000 - 0x00007ff844ad8000 	C:\WINDOWS\System32\PSAPI.DLL
0x00007ff83e8b0000 - 0x00007ff83e8b9000 	C:\WINDOWS\SYSTEM32\WSOCK32.dll
0x00007ff844cf0000 - 0x00007ff844d61000 	C:\WINDOWS\System32\WS2_32.dll
0x00007ff83c8e0000 - 0x00007ff83c914000 	C:\WINDOWS\SYSTEM32\WINMM.dll
0x00007ff841780000 - 0x00007ff841798000 	C:\WINDOWS\SYSTEM32\kernel.appcore.dll
0x00007ff83ecb0000 - 0x00007ff83ecba000 	C:\Program Files\Java\jdk-17\bin\jimage.dll
0x00007ff83f5d0000 - 0x00007ff83f802000 	C:\WINDOWS\SYSTEM32\DBGHELP.DLL
0x00007ff844690000 - 0x00007ff844a1e000 	C:\WINDOWS\System32\combase.dll
0x00007ff8452d0000 - 0x00007ff8453a7000 	C:\WINDOWS\System32\OLEAUT32.dll
0x00007ff8101d0000 - 0x00007ff810202000 	C:\WINDOWS\SYSTEM32\dbgcore.DLL
0x00007ff8429a0000 - 0x00007ff842a1b000 	C:\WINDOWS\System32\bcryptPrimitives.dll
0x00007ff83f980000 - 0x00007ff83f98e000 	C:\Program Files\Java\jdk-17\bin\instrument.dll
0x00007ff83eb20000 - 0x00007ff83eb45000 	C:\Program Files\Java\jdk-17\bin\java.dll
0x00007ffff9f60000 - 0x00007ffffa037000 	C:\Program Files\Java\jdk-17\bin\jsvml.dll
0x00007ff843cc0000 - 0x00007ff844527000 	C:\WINDOWS\System32\SHELL32.dll
0x00007ff8406b0000 - 0x00007ff840faf000 	C:\WINDOWS\SYSTEM32\windows.storage.dll
0x00007ff840570000 - 0x00007ff8406af000 	C:\WINDOWS\SYSTEM32\wintypes.dll
0x00007ff844e20000 - 0x00007ff844f19000 	C:\WINDOWS\System32\SHCORE.dll
0x00007ff845220000 - 0x00007ff84527e000 	C:\WINDOWS\System32\shlwapi.dll
0x00007ff842660000 - 0x00007ff842687000 	C:\WINDOWS\SYSTEM32\profapi.dll
0x00007ff83ec00000 - 0x00007ff83ec18000 	C:\Program Files\Java\jdk-17\bin\zip.dll
0x00007ff83eb00000 - 0x00007ff83eb19000 	C:\Program Files\Java\jdk-17\bin\net.dll
0x00007ff83c640000 - 0x00007ff83c776000 	C:\WINDOWS\SYSTEM32\WINHTTP.dll
0x00007ff841bf0000 - 0x00007ff841c59000 	C:\WINDOWS\system32\mswsock.dll
0x00007ff83eae0000 - 0x00007ff83eaf6000 	C:\Program Files\Java\jdk-17\bin\nio.dll
0x00007ff83c5c0000 - 0x00007ff83c5da000 	C:\Users\josep\AppData\Local\JetBrains\IntelliJ IDEA 2024.2.0.1\bin\breakgen64.dll
0x00007ff8412d0000 - 0x00007ff8413c8000 	C:\WINDOWS\SYSTEM32\DNSAPI.dll
0x00007ff841250000 - 0x00007ff84127d000 	C:\WINDOWS\SYSTEM32\IPHLPAPI.DLL
0x00007ff844ac0000 - 0x00007ff844ac9000 	C:\WINDOWS\System32\NSI.dll
0x00007ff8300d0000 - 0x00007ff8300da000 	C:\Windows\System32\rasadhlp.dll
0x00007ff83aa40000 - 0x00007ff83aac3000 	C:\WINDOWS\System32\fwpuclnt.dll
0x00007ff83ea90000 - 0x00007ff83ea9a000 	C:\Program Files\Java\jdk-17\bin\management.dll
0x00007ff83e930000 - 0x00007ff83e93b000 	C:\Program Files\Java\jdk-17\bin\management_ext.dll
0x00007ff841e40000 - 0x00007ff841e5b000 	C:\WINDOWS\SYSTEM32\CRYPTSP.dll
0x00007ff8416e0000 - 0x00007ff841715000 	C:\WINDOWS\system32\rsaenh.dll
0x00007ff841ce0000 - 0x00007ff841d08000 	C:\WINDOWS\SYSTEM32\USERENV.dll
0x00007ff841e60000 - 0x00007ff841e6c000 	C:\WINDOWS\SYSTEM32\CRYPTBASE.dll
0x00007ff83c4d0000 - 0x00007ff83c4e9000 	C:\WINDOWS\SYSTEM32\dhcpcsvc6.DLL
0x00007ff83c4b0000 - 0x00007ff83c4cf000 	C:\WINDOWS\SYSTEM32\dhcpcsvc.DLL
0x00007fffcdad0000 - 0x00007fffcdae7000 	C:\WINDOWS\system32\napinsp.dll
0x00007fffcdab0000 - 0x00007fffcdacb000 	C:\WINDOWS\system32\pnrpnsp.dll
0x00007fffcda90000 - 0x00007fffcdaa1000 	C:\WINDOWS\System32\winrnr.dll
0x00007ff80e7a0000 - 0x00007ff80e7b5000 	C:\WINDOWS\system32\wshbth.dll
0x00007ff818ef0000 - 0x00007ff818f17000 	C:\WINDOWS\system32\nlansp_c.dll
0x00007ff8396e0000 - 0x00007ff8396ee000 	C:\Program Files\Java\jdk-17\bin\sunmscapi.dll
0x00007ff842ae0000 - 0x00007ff842c46000 	C:\WINDOWS\System32\CRYPT32.dll
0x00007ff842000000 - 0x00007ff84202e000 	C:\WINDOWS\SYSTEM32\ncrypt.dll
0x00007ff841fc0000 - 0x00007ff841ff7000 	C:\WINDOWS\SYSTEM32\NTASN1.dll
0x00007ff83e910000 - 0x00007ff83e920000 	C:\Program Files\Java\jdk-17\bin\verify.dll

dbghelp: loaded successfully - version: 4.0.5 - missing functions: none
symbol engine: initialized successfully - sym options: 0x614 - pdb path: .;C:\Program Files\Java\jdk-17\bin;C:\WINDOWS\SYSTEM32;C:\WINDOWS\WinSxS\amd64_microsoft.windows.common-controls_6595b64144ccf1df_6.0.22621.3672_none_2713b9d173822955;C:\Program Files\Java\jdk-17\bin\server;C:\Users\josep\AppData\Local\JetBrains\IntelliJ IDEA 2024.2.0.1\bin

VM Arguments:
jvm_args: -XX:TieredStopAtLevel=1 -Dspring.output.ansi.enabled=always -Dcom.sun.management.jmxremote -Dspring.jmx.enabled=true -Dspring.liveBeansView.mbeanDomain -Dspring.application.admin.enabled=true -Dmanagement.endpoints.jmx.exposure.include=* -javaagent:C:\Users\josep\AppData\Local\JetBrains\IntelliJ IDEA 2024.2.0.1\lib\idea_rt.jar=54547:C:\Users\josep\AppData\Local\JetBrains\IntelliJ IDEA 2024.2.0.1\bin -Dfile.encoding=UTF-8 
java_command: com.example.microserviceinventory.MicroserviceInventoryApplication
java_class_path (initial): D:\DISTRIBUIDAS\PROYECTO_UNIDAD\microservice-inventory\target\classes;C:\Users\josep\.m2\repository\org\springframework\boot\spring-boot-starter-data-jpa\3.1.3\spring-boot-starter-data-jpa-3.1.3.jar;C:\Users\josep\.m2\repository\org\springframework\boot\spring-boot-starter-aop\3.1.3\spring-boot-starter-aop-3.1.3.jar;C:\Users\josep\.m2\repository\org\springframework\spring-aop\6.0.11\spring-aop-6.0.11.jar;C:\Users\josep\.m2\repository\org\aspectj\aspectjweaver\1.9.20\aspectjweaver-1.9.20.jar;C:\Users\josep\.m2\repository\org\springframework\boot\spring-boot-starter-jdbc\3.1.3\spring-boot-starter-jdbc-3.1.3.jar;C:\Users\josep\.m2\repository\com\zaxxer\HikariCP\5.0.1\HikariCP-5.0.1.jar;C:\Users\josep\.m2\repository\org\springframework\spring-jdbc\6.0.11\spring-jdbc-6.0.11.jar;C:\Users\josep\.m2\repository\org\hibernate\orm\hibernate-core\6.2.7.Final\hibernate-core-6.2.7.Final.jar;C:\Users\josep\.m2\repository\jakarta\persistence\jakarta.persistence-api\3.1.0\jakarta.persistence-api-3.1.0.jar;C:\Users\josep\.m2\repository\jakarta\transaction\jakarta.transaction-api\2.0.1\jakarta.transaction-api-2.0.1.jar;C:\Users\josep\.m2\repository\org\jboss\logging\jboss-logging\3.5.3.Final\jboss-logging-3.5.3.Final.jar;C:\Users\josep\.m2\repository\org\hibernate\common\hibernate-commons-annotations\6.0.6.Final\hibernate-commons-annotations-6.0.6.Final.jar;C:\Users\josep\.m2\repository\io\smallrye\jandex\3.0.5\jandex-3.0.5.jar;C:\Users\josep\.m2\repository\com\fasterxml\classmate\1.5.1\classmate-1.5.1.jar;C:\Users\josep\.m2\repository\net\bytebuddy\byte-buddy\1.14.6\byte-buddy-1.14.6.jar;C:\Users\josep\.m2\repository\org\glassfish\jaxb\jaxb-runtime\4.0.3\jaxb-runtime-4.0.3.jar;C:\Users\josep\.m2\repository\org\glassfish\jaxb\jaxb-core\4.0.3\jaxb-core-4.0.3.jar;C:\Users\josep\.m2\repository\org\eclipse\angus\angus-activation\2.0.1\angus-activation-2.0.1.jar;C:\Users\josep\.m2\repository\org\glassfish\jaxb\txw2\4.0.3\txw2-4.0.3.jar;C:\Users\josep\.m2\reposi
Launcher Type: SUN_STANDARD

[Global flags]
     intx CICompilerCount                          = 3                                         {product} {ergonomic}
     uint ConcGCThreads                            = 1                                         {product} {ergonomic}
     uint G1ConcRefinementThreads                  = 4                                         {product} {ergonomic}
   size_t G1HeapRegionSize                         = 1048576                                   {product} {ergonomic}
    uintx GCDrainStackTargetSize                   = 64                                        {product} {ergonomic}
   size_t InitialHeapSize                          = 65011712                                  {product} {ergonomic}
     bool ManagementServer                         = true                                      {product} {command line}
   size_t MarkStackSize                            = 4194304                                   {product} {ergonomic}
   size_t MaxHeapSize                              = 1031798784                                {product} {ergonomic}
   size_t MaxNewSize                               = 618659840                                 {product} {ergonomic}
   size_t MinHeapDeltaBytes                        = 1048576                                   {product} {ergonomic}
   size_t MinHeapSize                              = 8388608                                   {product} {ergonomic}
    uintx NonProfiledCodeHeapSize                  = 0                                      {pd product} {ergonomic}
     bool ProfileInterpreter                       = false                                  {pd product} {command line}
    uintx ProfiledCodeHeapSize                     = 0                                      {pd product} {ergonomic}
   size_t SoftMaxHeapSize                          = 1031798784                             {manageable} {ergonomic}
     intx TieredStopAtLevel                        = 1                                         {product} {command line}
     bool UseCompressedClassPointers               = true                           {product lp64_product} {ergonomic}
     bool UseCompressedOops                        = true                           {product lp64_product} {ergonomic}
     bool UseG1GC                                  = true                                      {product} {ergonomic}
     bool UseLargePagesIndividualAllocation        = false                                  {pd product} {ergonomic}

Logging:
Log output configuration:
 #0: stdout all=warning uptime,level,tags
 #1: stderr all=off uptime,level,tags

Environment Variables:
JAVA_HOME=C:\Program Files\Java\jdk-17\bin\bin
PATH=C:\Program Files\Common Files\Oracle\Java\javapath;C:\Python312\Scripts\;C:\Python312\;C:\WINDOWS\system32;C:\WINDOWS;C:\WINDOWS\System32\Wbem;C:\WINDOWS\System32\WindowsPowerShell\v1.0\;C:\WINDOWS\System32\OpenSSH\;C:\Program Files\Git\cmd;D:\POO\apache-maven-3.9.1\bin;C:\Program Files\nodejs\;C:\ProgramData\chocolatey\bin;C:\Program Files (x86)\Microchip\MPLAB C32 Suite\bin;C:\laragon\bin\php\php-8.3.7-nts-Win32-vs16-x64;C:\laragon\bin\php\php-8.3.7-nts-Win32-vs16-x64 (1);C:\composer;C:\Program Files\Java\jdk-17\bin\bin\bin;C:\laragon\bin;C:\laragon\bin\apache\httpd-2.4.54-win64-VS16\bin;C:\laragon\bin\composer;C:\laragon\bin\git\bin;C:\laragon\bin\git\cmd;C:\laragon\bin\git\mingw64\bin;C:\laragon\bin\git\usr\bin;C:\laragon\bin\laragon\utils;C:\laragon\bin\mysql\mysql-8.0.30-winx64\bin;C:\laragon\bin\nginx\nginx-1.22.0;C:\laragon\bin\ngrok;C:\laragon\bin\nodejs\node-v18;C:\laragon\bin\notepad++;C:\laragon\bin\php\php-8.3.7-nts-Win32-vs16-x64;C:\laragon\bin\python\python-3.10;C:\laragon\bin\python\python-3.10\Scripts;C:\laragon\bin\redis\redis-x64-5.0.14.1;C:\laragon\bin\telnet;C:\laragon\usr\bin;C:\Users\josep\AppData\Local\Yarn\config\global\node_modules\.bin;C:\Users\josep\AppData\Roaming\Composer\vendor\bin;C:\Users\josep\AppData\Roaming\npm;C:\Users\josep\AppData\Local\Microsoft\WindowsApps;C:\Users\josep\AppData\Local\Programs\Microsoft VS Code\bin;C:\Users\josep\AppData\Local\GitHubDesktop\bin;C:\Users\josep\AppData\Local\Programs\MiKTeX\miktex\bin\x64\
USERNAME=josep
OS=Windows_NT
PROCESSOR_IDENTIFIER=Intel64 Family 6 Model 142 Stepping 12, GenuineIntel



---------------  S Y S T E M  ---------------

OS:
 Windows 11 , 64 bit Build 22621 (10.0.22621.3958)
OS uptime: 1 days 6:02 hours

CPU: total 4 (initial active 4) (2 cores per cpu, 2 threads per core) family 6 model 142 stepping 12 microcode 0xec, cx8, cmov, fxsr, ht, mmx, 3dnowpref, sse, sse2, sse3, ssse3, sse4.1, sse4.2, popcnt, lzcnt, tsc, tscinvbit, avx, avx2, aes, erms, clmul, bmi1, bmi2, adx, fma, vzeroupper, clflush, clflushopt

Memory: 4k page, system-wide physical 3930M (127M free)
TotalPageFile size 16218M (AvailPageFile size 24M)
current process WorkingSet (physical memory assigned to process): 223M, peak: 223M
current process commit charge ("private bytes"): 293M, peak: 330M

vm_info: Java HotSpot(TM) 64-Bit Server VM (17.0.12+8-LTS-286) for windows-amd64 JRE (17.0.12+8-LTS-286), built on Jun  5 2024 06:46:59 by "mach5one" with MS VC++ 17.6 (VS2022)

END.
